Added Component: Designator=H1(ESQ-126-39-G-D)
Add component (AddParameter): Name = "ComponentLink1Description"; Value = "DataSheet"; VariantName = "[No Variations]"
Add component (AddParameter): Name = "ComponentLink1URL"; Value = "https://static.chipdip.ru/lib/071/DOC025071643.pdf"; VariantName = "[No Variations]"
Add component (AddParameter): Name = "Назначение"; Value = "Сквозной разъем, двойно, 52 контакта, шаг 2,54 мм"; VariantName = "[No Variations]"
Add component (AddParameter): Name = "Наименование"; Value = "ESQ-126-39-G-D"; VariantName = "[No Variations]"
Add component (AddParameter): Name = "Потребление, Вт"; Value = "0,00"; VariantName = "[No Variations]"
Added Component: Designator=H2(ESQ-126-39-G-D)
Add component (AddParameter): Name = "ComponentLink1Description"; Value = "DataSheet"; VariantName = "[No Variations]"
Add component (AddParameter): Name = "ComponentLink1URL"; Value = "https://static.chipdip.ru/lib/071/DOC025071643.pdf"; VariantName = "[No Variations]"
Add component (AddParameter): Name = "Назначение"; Value = "Сквозной разъем, двойно, 52 контакта, шаг 2,54 мм"; VariantName = "[No Variations]"
Add component (AddParameter): Name = "Наименование"; Value = "ESQ-126-39-G-D"; VariantName = "[No Variations]"
Add component (AddParameter): Name = "Потребление, Вт"; Value = "0,00"; VariantName = "[No Variations]"
Added Component: Designator=X1(MOLEX-PB-8-R)
Add component (AddParameter): Name = "Назначение"; Value = "MOLEX PicoBlade 8-pin to board"; VariantName = "[No Variations]"
Add component (AddParameter): Name = "Наименование"; Value = "MOLEX-PB-8-R"; VariantName = "[No Variations]"
Add component (AddParameter): Name = "Потребление, Вт"; Value = "0,001"; VariantName = "[No Variations]"
Added Pin To Net: NetName=GND Pin=X1-MP
Added Pin To Net: NetName=GND Pin=X1-MP
Added Net: Name=GND
Added Pin To Net: NetName=OPT_GND Pin=H2-23
Added Pin To Net: NetName=OPT_GND Pin=H2-25
Added Pin To Net: NetName=OPT_GND Pin=H2-27
Added Pin To Net: NetName=OPT_GND Pin=H2-29
Added Pin To Net: NetName=OPT_GND Pin=X1-1
Added Pin To Net: NetName=OPT_GND Pin=X1-3
Added Pin To Net: NetName=OPT_GND Pin=X1-5
Added Pin To Net: NetName=OPT_GND Pin=X1-7
Added Net: Name=OPT_GND
Added Pin To Net: NetName=PL_POWER_CH1 Pin=H2-22
Added Pin To Net: NetName=PL_POWER_CH1 Pin=X1-8
Added Net: Name=PL_POWER_CH1
Added Pin To Net: NetName=PL_POWER_CH2 Pin=H2-24
Added Pin To Net: NetName=PL_POWER_CH2 Pin=X1-6
Added Net: Name=PL_POWER_CH2
Added Pin To Net: NetName=PL_POWER_CH3 Pin=H2-26
Added Pin To Net: NetName=PL_POWER_CH3 Pin=X1-4
Added Net: Name=PL_POWER_CH3
Added Pin To Net: NetName=PL_POWER_CH4 Pin=H2-28
Added Pin To Net: NetName=PL_POWER_CH4 Pin=X1-2
Added Net: Name=PL_POWER_CH4
Added Class: Name=bdk_pl_power_connector
