Change component parameters: Designator = "R1_1" ("R1_1"); Footprint = "SMD_0805"; UniqueID = "\LIRNISXN" ("\LIRNISXN")
Change component parameters (AddParameter): Name = "ClassName"; Value = "Group1"; VariantName = "[No Variations]"
Change component parameters (AddParameter): Name = "Value"; Value = "0"; VariantName = "[No Variations]"
Change component parameters (AddParameter): Name = "Назначение"; Value = "SMD-резистор"; VariantName = "[No Variations]"
Change component parameters (AddParameter): Name = "Наименование"; Value = "ОСМ Р1-12"; VariantName = "[No Variations]"
Change component parameters (AddParameter): Name = "Потребление, Вт"; Value = "0,001"; VariantName = "[No Variations]"
Change component parameters (AddParameter): Name = "Точность"; Value = "%"; VariantName = "[No Variations]"
Change component parameters: Designator = "R1_2" ("R1_2"); Footprint = "SMD_0805"; UniqueID = "\THENPXTV" ("\THENPXTV")
Change component parameters (AddParameter): Name = "ClassName"; Value = "Group1"; VariantName = "[No Variations]"
Change component parameters (AddParameter): Name = "Value"; Value = "0"; VariantName = "[No Variations]"
Change component parameters (AddParameter): Name = "Назначение"; Value = "SMD-резистор"; VariantName = "[No Variations]"
Change component parameters (AddParameter): Name = "Наименование"; Value = "ОСМ Р1-12"; VariantName = "[No Variations]"
Change component parameters (AddParameter): Name = "Потребление, Вт"; Value = "0,001"; VariantName = "[No Variations]"
Change component parameters (AddParameter): Name = "Точность"; Value = "%"; VariantName = "[No Variations]"
Change component parameters: Designator = "R2_1" ("R2_1"); Footprint = "SMD_0805"; UniqueID = "\AZPKQJIN" ("\AZPKQJIN")
Change component parameters (AddParameter): Name = "ClassName"; Value = "Group1"; VariantName = "[No Variations]"
Change component parameters (AddParameter): Name = "Value"; Value = "0"; VariantName = "[No Variations]"
Change component parameters (AddParameter): Name = "Назначение"; Value = "SMD-резистор"; VariantName = "[No Variations]"
Change component parameters (AddParameter): Name = "Наименование"; Value = "ОСМ Р1-12"; VariantName = "[No Variations]"
Change component parameters (AddParameter): Name = "Потребление, Вт"; Value = "0,001"; VariantName = "[No Variations]"
Change component parameters (AddParameter): Name = "Точность"; Value = "%"; VariantName = "[No Variations]"
Change component parameters: Designator = "R2_2" ("R2_2"); Footprint = "SMD_0805"; UniqueID = "\GMMFICVG" ("\GMMFICVG")
Change component parameters (AddParameter): Name = "ClassName"; Value = "Group1"; VariantName = "[No Variations]"
Change component parameters (AddParameter): Name = "Value"; Value = "0"; VariantName = "[No Variations]"
Change component parameters (AddParameter): Name = "Назначение"; Value = "SMD-резистор"; VariantName = "[No Variations]"
Change component parameters (AddParameter): Name = "Наименование"; Value = "ОСМ Р1-12"; VariantName = "[No Variations]"
Change component parameters (AddParameter): Name = "Потребление, Вт"; Value = "0,001"; VariantName = "[No Variations]"
Change component parameters (AddParameter): Name = "Точность"; Value = "%"; VariantName = "[No Variations]"
Change component parameters: Designator = "R3_1" ("R3_1"); Footprint = "SMD_0805"; UniqueID = "\WBWXRFVN" ("\WBWXRFVN")
Change component parameters (AddParameter): Name = "ClassName"; Value = "Group2"; VariantName = "[No Variations]"
Change component parameters (AddParameter): Name = "Value"; Value = "0"; VariantName = "[No Variations]"
Change component parameters (AddParameter): Name = "Назначение"; Value = "SMD-резистор"; VariantName = "[No Variations]"
Change component parameters (AddParameter): Name = "Наименование"; Value = "ОСМ Р1-12"; VariantName = "[No Variations]"
Change component parameters (AddParameter): Name = "Потребление, Вт"; Value = "0,001"; VariantName = "[No Variations]"
Change component parameters (AddParameter): Name = "Точность"; Value = "%"; VariantName = "[No Variations]"
Change component parameters: Designator = "R3_2" ("R3_2"); Footprint = "SMD_0805"; UniqueID = "\GFKUHPRF" ("\GFKUHPRF")
Change component parameters (AddParameter): Name = "ClassName"; Value = "Group2"; VariantName = "[No Variations]"
Change component parameters (AddParameter): Name = "Value"; Value = "0"; VariantName = "[No Variations]"
Change component parameters (AddParameter): Name = "Назначение"; Value = "SMD-резистор"; VariantName = "[No Variations]"
Change component parameters (AddParameter): Name = "Наименование"; Value = "ОСМ Р1-12"; VariantName = "[No Variations]"
Change component parameters (AddParameter): Name = "Потребление, Вт"; Value = "0,001"; VariantName = "[No Variations]"
Change component parameters (AddParameter): Name = "Точность"; Value = "%"; VariantName = "[No Variations]"
Change component parameters: Designator = "R4_1" ("R4_1"); Footprint = "SMD_0805"; UniqueID = "\MGESSVCU" ("\MGESSVCU")
Change component parameters (AddParameter): Name = "ClassName"; Value = "Group2"; VariantName = "[No Variations]"
Change component parameters (AddParameter): Name = "Value"; Value = "0"; VariantName = "[No Variations]"
Change component parameters (AddParameter): Name = "Назначение"; Value = "SMD-резистор"; VariantName = "[No Variations]"
Change component parameters (AddParameter): Name = "Наименование"; Value = "ОСМ Р1-12"; VariantName = "[No Variations]"
Change component parameters (AddParameter): Name = "Потребление, Вт"; Value = "0,001"; VariantName = "[No Variations]"
Change component parameters (AddParameter): Name = "Точность"; Value = "%"; VariantName = "[No Variations]"
Change component parameters: Designator = "R4_2" ("R4_2"); Footprint = "SMD_0805"; UniqueID = "\EURVDEQU" ("\EURVDEQU")
Change component parameters (AddParameter): Name = "ClassName"; Value = "Group2"; VariantName = "[No Variations]"
Change component parameters (AddParameter): Name = "Value"; Value = "0"; VariantName = "[No Variations]"
Change component parameters (AddParameter): Name = "Назначение"; Value = "SMD-резистор"; VariantName = "[No Variations]"
Change component parameters (AddParameter): Name = "Наименование"; Value = "ОСМ Р1-12"; VariantName = "[No Variations]"
Change component parameters (AddParameter): Name = "Потребление, Вт"; Value = "0,001"; VariantName = "[No Variations]"
Change component parameters (AddParameter): Name = "Точность"; Value = "%"; VariantName = "[No Variations]"
Change component parameters: Designator = "X1" ("X1"); Footprint = "MOLEX-PB-8-R"; UniqueID = "\GNDSBGJG" ("\GNDSBGJG")
Change component parameters (AddParameter): Name = "ClassName"; Value = "Group1"; VariantName = "[No Variations]"
Change component parameters (AddParameter): Name = "Назначение"; Value = "MOLEX PicoBlade 8-pin to board"; VariantName = "[No Variations]"
Change component parameters (AddParameter): Name = "Наименование"; Value = "MOLEX-PB-8-R"; VariantName = "[No Variations]"
Change component parameters (AddParameter): Name = "Потребление, Вт"; Value = "0,001"; VariantName = "[No Variations]"
Change component parameters: Designator = "X2" ("X2"); Footprint = "MOLEX-PB-8-R"; UniqueID = "\UUCBZETV" ("\UUCBZETV")
Change component parameters (AddParameter): Name = "ClassName"; Value = "Group2"; VariantName = "[No Variations]"
Change component parameters (AddParameter): Name = "Назначение"; Value = "MOLEX PicoBlade 8-pin to board"; VariantName = "[No Variations]"
Change component parameters (AddParameter): Name = "Наименование"; Value = "MOLEX-PB-8-R"; VariantName = "[No Variations]"
Change component parameters (AddParameter): Name = "Потребление, Вт"; Value = "0,001"; VariantName = "[No Variations]"
