Removed Pin From Net: NetName=OPT_GND Pin=X1-1
Removed Pin From Net: NetName=PL_POWER_CH4 Pin=X1-2
Removed Pin From Net: NetName=PL_POWER_CH3 Pin=X1-4
Removed Pin From Net: NetName=OPT_GND Pin=X1-5
Removed Pin From Net: NetName=PL_POWER_CH1 Pin=X1-8
Add Component: Footprint Not Found MOLEX-PB-8-R
Added Pin To Net: NetName=PL_POWER_CH1 Pin=X1-1
Added Pin To Net: NetName=PL_POWER_CH1 Pin=X1-2
Added Pin To Net: NetName=OPT_GND Pin=X1-4
Added Pin To Net: NetName=PL_POWER_CH2 Pin=X1-5
Added Pin To Net: NetName=OPT_GND Pin=X1-8
Add Pin To Net: Unknown Pin: Pin X2-1
Add Pin To Net: Unknown Pin: Pin X2-2
Add Pin To Net: Unknown Pin: Pin X2-3
Add Pin To Net: Unknown Pin: Pin X2-4
Add Pin To Net: Unknown Pin: Pin X2-5
Add Pin To Net: Unknown Pin: Pin X2-6
Add Pin To Net: Unknown Pin: Pin X2-7
Add Pin To Net: Unknown Pin: Pin X2-8
Add Pin To Net: Unknown Pin: Pin X2-MP
Change Class Name : Old Net Name=bdk_pl_power_connector New Net Name=brñ_pl_power_adapter
Add Class Member: Failed to add class member : Component X2 MOLEX-PB-8
